<?xml version="1.0" encoding="UTF-8"?>
<testsuite xmlns:xsi="http://www.w3.org/2001/XMLSchema-instance" xsi:noNamespaceSchemaLocation="https://maven.apache.org/surefire/maven-surefire-plugin/xsd/surefire-test-report-3.0.xsd" version="3.0" name="com.example.lab.LabApplicationTests" time="6.108" tests="1" errors="0" skipped="0" failures="0">
  <properties>
[...]
</properties>
  <testcase name="contextLoads" classname="com.example.lab.LabApplicationTests" time="0.38">
    <system-out><![CDATA[12:20:10.999 [main] INFO org.springframework.test.context.support.AnnotationConfigContextLoaderUtils -- Could not detect default configuration classes for test class [com.example.lab.LabApplicationTests]: LabApplicationTests does not declare any static, non-private, non-final, nested classes annotated with @Configuration.
12:20:11.086 [main] INFO org.springframework.boot.test.context.SpringBootTestContextBootstrapper -- Found @SpringBootConfiguration com.example.lab.LabApplication for test class com.example.lab.LabApplicationTests

  .   ____          _            __ _ _
 /\\ / ___'_ __ _ _(_)_ __  __ _ \ \ \ \
( ( )\___ | '_ | '_| | '_ \/ _` | \ \ \ \
 \\/  ___)| |_)| | | | | || (_| |  ) ) ) )
  '  |____| .__|_| |_|_| |_\__, | / / / /
 =========|_|==============|___/=/_/_/_/
 :: Spring Boot ::                (v3.1.0)

2023-06-16T12:20:11.416+03:00  INFO 8980 --- [           main] com.example.lab.LabApplicationTests      : Starting LabApplicationTests using Java 20.0.1 with PID 8980 (started by mdcen in D:\Lab-App\LabApp - Backend (Java Spring))
2023-06-16T12:20:11.417+03:00  INFO 8980 --- [           main] com.example.lab.LabApplicationTests      : No active profile set, falling back to 1 default profile: "default"
2023-06-16T12:20:12.138+03:00  INFO 8980 --- [           main] .s.d.r.c.RepositoryConfigurationDelegate : Bootstrapping Spring Data JPA repositories in DEFAULT mode.
2023-06-16T12:20:12.185+03:00  INFO 8980 --- [           main] .s.d.r.c.RepositoryConfigurationDelegate : Finished Spring Data repository scanning in 40 ms. Found 3 JPA repository interfaces.
2023-06-16T12:20:12.531+03:00  INFO 8980 --- [           main] o.hibernate.jpa.internal.util.LogHelper  : HHH000204: Processing PersistenceUnitInfo [name: default]
2023-06-16T12:20:12.590+03:00  INFO 8980 --- [           main] org.hibernate.Version                    : HHH000412: Hibernate ORM core version 6.2.2.Final
2023-06-16T12:20:12.592+03:00  INFO 8980 --- [           main] org.hibernate.cfg.Environment            : HHH000406: Using bytecode reflection optimizer
2023-06-16T12:20:12.597+03:00  WARN 8980 --- [           main] org.hibernate.orm.deprecation            : HHH90000021: Encountered deprecated setting [javax.persistence.validation.mode], use [jakarta.persistence.validation.mode] instead
2023-06-16T12:20:12.796+03:00  INFO 8980 --- [           main] o.h.b.i.BytecodeProviderInitiator        : HHH000021: Bytecode provider name : bytebuddy
2023-06-16T12:20:12.925+03:00  INFO 8980 --- [           main] o.s.o.j.p.SpringPersistenceUnitInfo      : No LoadTimeWeaver setup: ignoring JPA class transformer
2023-06-16T12:20:12.938+03:00  INFO 8980 --- [           main] com.zaxxer.hikari.HikariDataSource       : HikariPool-1 - Starting...
2023-06-16T12:20:13.262+03:00  INFO 8980 --- [           main] com.zaxxer.hikari.pool.HikariPool        : HikariPool-1 - Added connection org.postgresql.jdbc.PgConnection@439d545c
2023-06-16T12:20:13.263+03:00  INFO 8980 --- [           main] com.zaxxer.hikari.HikariDataSource       : HikariPool-1 - Start completed.
2023-06-16T12:20:13.356+03:00  INFO 8980 --- [           main] org.hibernate.orm.dialect                : HHH035001: Using dialect: org.hibernate.dialect.PostgreSQLDialect, version: org.hibernate.engine.jdbc.env.internal.JdbcEnvironmentInitiator$DialectResolutionInfoImpl@36dafa24
2023-06-16T12:20:13.559+03:00  INFO 8980 --- [           main] o.h.b.i.BytecodeProviderInitiator        : HHH000021: Bytecode provider name : bytebuddy
2023-06-16T12:20:14.089+03:00  INFO 8980 --- [           main] o.h.e.t.j.p.i.JtaPlatformInitiator       : HHH000490: Using JtaPlatform implementation: [org.hibernate.engine.transaction.jta.platform.internal.NoJtaPlatform]
2023-06-16T12:20:14.806+03:00  INFO 8980 --- [           main] j.LocalContainerEntityManagerFactoryBean : Initialized JPA EntityManagerFactory for persistence unit 'default'
2023-06-16T12:20:15.437+03:00  WARN 8980 --- [           main] JpaBaseConfiguration$JpaWebConfiguration : spring.jpa.open-in-view is enabled by default. Therefore, database queries may be performed during view rendering. Explicitly configure spring.jpa.open-in-view to disable this warning
2023-06-16T12:20:16.533+03:00  INFO 8980 --- [           main] com.example.lab.LabApplicationTests      : Started LabApplicationTests in 5.326 seconds (process running for 6.222)
]]></system-out>
  </testcase>
</testsuite>